<?xml version="1.0" encoding="UTF-8"?>
<testng-results skipped="0" failed="0" ignored="0" total="1" passed="1">
  <reporter-output>
    <line>
      <![CDATA[<div "result">Run the Application (PASSED : 3s)</div>]]>
    </line>
  </reporter-output>
  <suite name="Default suite" duration-ms="6624" started-at="2018-03-28T21:40:14Z" finished-at="2018-03-28T21:40:20Z">
    <groups>
      <group name="cucumber">
        <method signature="AbstractTestNGCucumberTests.runScenario(cucumber.api.testng.PickleEventWrapper, cucumber.api.testng.CucumberFeatureWrapper)[pri:0, instance:com.app.runner.CukesRunner@7085bdee]" name="runScenario" class="cucumber.api.testng.AbstractTestNGCucumberTests"/>
      </group> <!-- cucumber -->
    </groups>
    <test name="Default test" duration-ms="6624" started-at="2018-03-28T21:40:14Z" finished-at="2018-03-28T21:40:20Z">
      <class name="com.app.runner.CukesRunner">
        <test-method status="PASS" signature="setUpClass()[pri:0, instance:com.app.runner.CukesRunner@7085bdee]" name="setUpClass" is-config="true" duration-ms="182" started-at="2018-03-28T21:40:14Z" finished-at="2018-03-28T21:40:14Z">
          <reporter-output>
          </reporter-output>
        </test-method> <!-- setUpClass -->
        <test-method status="PASS" signature="runScenario(cucumber.api.testng.PickleEventWrapper, cucumber.api.testng.CucumberFeatureWrapper)[pri:0, instance:com.app.runner.CukesRunner@7085bdee]" name="runScenario" duration-ms="6382" started-at="2018-03-28T21:40:14Z" description="Runs Cucumber Scenarios" data-provider="scenarios" finished-at="2018-03-28T21:40:20Z">
          <params>
            <param index="0">
              <value>
                <![CDATA[""]]>
              </value>
            </param>
            <param index="1">
              <value>
                <![CDATA["run app"]]>
              </value>
            </param>
          </params>
          <reporter-output>
            <line>
              <![CDATA[<div "result">Run the Application (PASSED : 3s)</div>]]>
            </line>
          </reporter-output>
        </test-method> <!-- runScenario -->
        <test-method status="PASS" signature="tearDownClass()[pri:0, instance:com.app.runner.CukesRunner@7085bdee]" name="tearDownClass" is-config="true" duration-ms="24" started-at="2018-03-28T21:40:20Z" finished-at="2018-03-28T21:40:20Z">
          <reporter-output>
          </reporter-output>
        </test-method> <!-- tearDownClass -->
      </class> <!-- com.app.runner.CukesRunner -->
    </test> <!-- Default test -->
  </suite> <!-- Default suite -->
</testng-results>
