<?xml version="1.0" encoding="UTF-8"?>
<testng-results skipped="0" failed="0" ignored="0" total="8" passed="8">
  <reporter-output>
    <line>
      <![CDATA[<div "result">I logged into AbanteCart Website (PASSED : 3s)</div>]]>
    </line>
    <line>
      <![CDATA[<div "result">I hover over Home menu button (PASSED : 0s)</div>]]>
    </line>
    <line>
      <![CDATA[<div "result">Following menu options shoul be visible for Home menu (PASSED : 0s)</div>]]>
    </line>
    <line>
      <![CDATA[<div "result">I logged into AbanteCart Website (PASSED : 2s)</div>]]>
    </line>
    <line>
      <![CDATA[<div "result">I hover over Apparel &amp; Accessories menu button (PASSED : 0s)</div>]]>
    </line>
    <line>
      <![CDATA[<div "result">Following menu options shoul be visible for Apparel &amp; Accessories: (PASSED : 0s)</div>]]>
    </line>
    <line>
      <![CDATA[<div "result">I logged into AbanteCart Website (PASSED : 2s)</div>]]>
    </line>
    <line>
      <![CDATA[<div "result">I hover over MAKEUP menu button (PASSED : 0s)</div>]]>
    </line>
    <line>
      <![CDATA[<div "result">Following menu options shoul be visible for MAKEUP: (PASSED : 0s)</div>]]>
    </line>
    <line>
      <![CDATA[<div "result">I logged into AbanteCart Website (PASSED : 2s)</div>]]>
    </line>
    <line>
      <![CDATA[<div "result">I hover over SKINCARE menu button (PASSED : 0s)</div>]]>
    </line>
    <line>
      <![CDATA[<div "result">Following menu options shoul be visible for SKINCARE: (PASSED : 0s)</div>]]>
    </line>
    <line>
      <![CDATA[<div "result">I logged into AbanteCart Website (PASSED : 2s)</div>]]>
    </line>
    <line>
      <![CDATA[<div "result">I hover over FRAGRANCE menu button (PASSED : 0s)</div>]]>
    </line>
    <line>
      <![CDATA[<div "result">Following menu options shoul be visible for FRAGRANCE: (PASSED : 0s)</div>]]>
    </line>
    <line>
      <![CDATA[<div "result">I logged into AbanteCart Website (PASSED : 2s)</div>]]>
    </line>
    <line>
      <![CDATA[<div "result">I hover over MEN menu button (PASSED : 0s)</div>]]>
    </line>
    <line>
      <![CDATA[<div "result">Following menu options shoul be visible for MEN: (PASSED : 0s)</div>]]>
    </line>
    <line>
      <![CDATA[<div "result">I logged into AbanteCart Website (PASSED : 3s)</div>]]>
    </line>
    <line>
      <![CDATA[<div "result">I hover over HAIR CARE menu button (PASSED : 0s)</div>]]>
    </line>
    <line>
      <![CDATA[<div "result">Following menu options shoul be visible for HAIR CARE: (PASSED : 0s)</div>]]>
    </line>
    <line>
      <![CDATA[<div "result">I logged into AbanteCart Website (PASSED : 3s)</div>]]>
    </line>
    <line>
      <![CDATA[<div "result">I hover over BOOKS menu button (PASSED : 0s)</div>]]>
    </line>
    <line>
      <![CDATA[<div "result">Following menu options shoul be visible for BOOKS: (PASSED : 0s)</div>]]>
    </line>
  </reporter-output>
  <suite name="Default suite" duration-ms="38940" started-at="2018-04-04T03:02:05Z" finished-at="2018-04-04T03:02:44Z">
    <groups>
      <group name="cucumber">
        <method signature="AbstractTestNGCucumberTests.runScenario(cucumber.api.testng.PickleEventWrapper, cucumber.api.testng.CucumberFeatureWrapper)[pri:0, instance:com.app.runner.CukesRunner@49993335]" name="runScenario" class="cucumber.api.testng.AbstractTestNGCucumberTests"/>
      </group> <!-- cucumber -->
    </groups>
    <test name="Default test" duration-ms="38940" started-at="2018-04-04T03:02:05Z" finished-at="2018-04-04T03:02:44Z">
      <class name="com.app.runner.CukesRunner">
        <test-method status="PASS" signature="setUpClass()[pri:0, instance:com.app.runner.CukesRunner@49993335]" name="setUpClass" is-config="true" duration-ms="168" started-at="2018-04-04T03:02:05Z" finished-at="2018-04-04T03:02:05Z">
          <reporter-output>
          </reporter-output>
        </test-method> <!-- setUpClass -->
        <test-method status="PASS" signature="runScenario(cucumber.api.testng.PickleEventWrapper, cucumber.api.testng.CucumberFeatureWrapper)[pri:0, instance:com.app.runner.CukesRunner@49993335]" name="runScenario" duration-ms="5857" started-at="2018-04-04T03:02:05Z" description="Runs Cucumber Scenarios" data-provider="scenarios" finished-at="2018-04-04T03:02:11Z">
          <params>
            <param index="0">
              <value>
                <![CDATA[""]]>
              </value>
            </param>
            <param index="1">
              <value>
                <![CDATA[""]]>
              </value>
            </param>
          </params>
          <reporter-output>
            <line>
              <![CDATA[<div "result">I logged into AbanteCart Website (PASSED : 3s)</div>]]>
            </line>
            <line>
              <![CDATA[<div "result">I hover over Home menu button (PASSED : 0s)</div>]]>
            </line>
            <line>
              <![CDATA[<div "result">Following menu options shoul be visible for Home menu (PASSED : 0s)</div>]]>
            </line>
          </reporter-output>
        </test-method> <!-- runScenario -->
        <test-method status="PASS" signature="runScenario(cucumber.api.testng.PickleEventWrapper, cucumber.api.testng.CucumberFeatureWrapper)[pri:0, instance:com.app.runner.CukesRunner@49993335]" name="runScenario" duration-ms="4552" started-at="2018-04-04T03:02:11Z" description="Runs Cucumber Scenarios" data-provider="scenarios" finished-at="2018-04-04T03:02:16Z">
          <params>
            <param index="0">
              <value>
                <![CDATA[""]]>
              </value>
            </param>
            <param index="1">
              <value>
                <![CDATA[""]]>
              </value>
            </param>
          </params>
          <reporter-output>
            <line>
              <![CDATA[<div "result">I logged into AbanteCart Website (PASSED : 2s)</div>]]>
            </line>
            <line>
              <![CDATA[<div "result">I hover over Apparel &amp; Accessories menu button (PASSED : 0s)</div>]]>
            </line>
            <line>
              <![CDATA[<div "result">Following menu options shoul be visible for Apparel &amp; Accessories: (PASSED : 0s)</div>]]>
            </line>
          </reporter-output>
        </test-method> <!-- runScenario -->
        <test-method status="PASS" signature="runScenario(cucumber.api.testng.PickleEventWrapper, cucumber.api.testng.CucumberFeatureWrapper)[pri:0, instance:com.app.runner.CukesRunner@49993335]" name="runScenario" duration-ms="4651" started-at="2018-04-04T03:02:16Z" description="Runs Cucumber Scenarios" data-provider="scenarios" finished-at="2018-04-04T03:02:20Z">
          <params>
            <param index="0">
              <value>
                <![CDATA[""]]>
              </value>
            </param>
            <param index="1">
              <value>
                <![CDATA[""]]>
              </value>
            </param>
          </params>
          <reporter-output>
            <line>
              <![CDATA[<div "result">I logged into AbanteCart Website (PASSED : 2s)</div>]]>
            </line>
            <line>
              <![CDATA[<div "result">I hover over MAKEUP menu button (PASSED : 0s)</div>]]>
            </line>
            <line>
              <![CDATA[<div "result">Following menu options shoul be visible for MAKEUP: (PASSED : 0s)</div>]]>
            </line>
          </reporter-output>
        </test-method> <!-- runScenario -->
        <test-method status="PASS" signature="runScenario(cucumber.api.testng.PickleEventWrapper, cucumber.api.testng.CucumberFeatureWrapper)[pri:0, instance:com.app.runner.CukesRunner@49993335]" name="runScenario" duration-ms="4581" started-at="2018-04-04T03:02:20Z" description="Runs Cucumber Scenarios" data-provider="scenarios" finished-at="2018-04-04T03:02:25Z">
          <params>
            <param index="0">
              <value>
                <![CDATA[""]]>
              </value>
            </param>
            <param index="1">
              <value>
                <![CDATA[""]]>
              </value>
            </param>
          </params>
          <reporter-output>
            <line>
              <![CDATA[<div "result">I logged into AbanteCart Website (PASSED : 2s)</div>]]>
            </line>
            <line>
              <![CDATA[<div "result">I hover over SKINCARE menu button (PASSED : 0s)</div>]]>
            </line>
            <line>
              <![CDATA[<div "result">Following menu options shoul be visible for SKINCARE: (PASSED : 0s)</div>]]>
            </line>
          </reporter-output>
        </test-method> <!-- runScenario -->
        <test-method status="PASS" signature="runScenario(cucumber.api.testng.PickleEventWrapper, cucumber.api.testng.CucumberFeatureWrapper)[pri:0, instance:com.app.runner.CukesRunner@49993335]" name="runScenario" duration-ms="4522" started-at="2018-04-04T03:02:25Z" description="Runs Cucumber Scenarios" data-provider="scenarios" finished-at="2018-04-04T03:02:29Z">
          <params>
            <param index="0">
              <value>
                <![CDATA[""]]>
              </value>
            </param>
            <param index="1">
              <value>
                <![CDATA[""]]>
              </value>
            </param>
          </params>
          <reporter-output>
            <line>
              <![CDATA[<div "result">I logged into AbanteCart Website (PASSED : 2s)</div>]]>
            </line>
            <line>
              <![CDATA[<div "result">I hover over FRAGRANCE menu button (PASSED : 0s)</div>]]>
            </line>
            <line>
              <![CDATA[<div "result">Following menu options shoul be visible for FRAGRANCE: (PASSED : 0s)</div>]]>
            </line>
          </reporter-output>
        </test-method> <!-- runScenario -->
        <test-method status="PASS" signature="runScenario(cucumber.api.testng.PickleEventWrapper, cucumber.api.testng.CucumberFeatureWrapper)[pri:0, instance:com.app.runner.CukesRunner@49993335]" name="runScenario" duration-ms="4614" started-at="2018-04-04T03:02:29Z" description="Runs Cucumber Scenarios" data-provider="scenarios" finished-at="2018-04-04T03:02:34Z">
          <params>
            <param index="0">
              <value>
                <![CDATA[""]]>
              </value>
            </param>
            <param index="1">
              <value>
                <![CDATA[""]]>
              </value>
            </param>
          </params>
          <reporter-output>
            <line>
              <![CDATA[<div "result">I logged into AbanteCart Website (PASSED : 2s)</div>]]>
            </line>
            <line>
              <![CDATA[<div "result">I hover over MEN menu button (PASSED : 0s)</div>]]>
            </line>
            <line>
              <![CDATA[<div "result">Following menu options shoul be visible for MEN: (PASSED : 0s)</div>]]>
            </line>
          </reporter-output>
        </test-method> <!-- runScenario -->
        <test-method status="PASS" signature="runScenario(cucumber.api.testng.PickleEventWrapper, cucumber.api.testng.CucumberFeatureWrapper)[pri:0, instance:com.app.runner.CukesRunner@49993335]" name="runScenario" duration-ms="5169" started-at="2018-04-04T03:02:34Z" description="Runs Cucumber Scenarios" data-provider="scenarios" finished-at="2018-04-04T03:02:39Z">
          <params>
            <param index="0">
              <value>
                <![CDATA[""]]>
              </value>
            </param>
            <param index="1">
              <value>
                <![CDATA[""]]>
              </value>
            </param>
          </params>
          <reporter-output>
            <line>
              <![CDATA[<div "result">I logged into AbanteCart Website (PASSED : 3s)</div>]]>
            </line>
            <line>
              <![CDATA[<div "result">I hover over HAIR CARE menu button (PASSED : 0s)</div>]]>
            </line>
            <line>
              <![CDATA[<div "result">Following menu options shoul be visible for HAIR CARE: (PASSED : 0s)</div>]]>
            </line>
          </reporter-output>
        </test-method> <!-- runScenario -->
        <test-method status="PASS" signature="runScenario(cucumber.api.testng.PickleEventWrapper, cucumber.api.testng.CucumberFeatureWrapper)[pri:0, instance:com.app.runner.CukesRunner@49993335]" name="runScenario" duration-ms="4738" started-at="2018-04-04T03:02:39Z" description="Runs Cucumber Scenarios" data-provider="scenarios" finished-at="2018-04-04T03:02:44Z">
          <params>
            <param index="0">
              <value>
                <![CDATA[""]]>
              </value>
            </param>
            <param index="1">
              <value>
                <![CDATA[""]]>
              </value>
            </param>
          </params>
          <reporter-output>
            <line>
              <![CDATA[<div "result">I logged into AbanteCart Website (PASSED : 3s)</div>]]>
            </line>
            <line>
              <![CDATA[<div "result">I hover over BOOKS menu button (PASSED : 0s)</div>]]>
            </line>
            <line>
              <![CDATA[<div "result">Following menu options shoul be visible for BOOKS: (PASSED : 0s)</div>]]>
            </line>
          </reporter-output>
        </test-method> <!-- runScenario -->
        <test-method status="PASS" signature="tearDownClass()[pri:0, instance:com.app.runner.CukesRunner@49993335]" name="tearDownClass" is-config="true" duration-ms="11" started-at="2018-04-04T03:02:44Z" finished-at="2018-04-04T03:02:44Z">
          <reporter-output>
          </reporter-output>
        </test-method> <!-- tearDownClass -->
      </class> <!-- com.app.runner.CukesRunner -->
    </test> <!-- Default test -->
  </suite> <!-- Default suite -->
</testng-results>
