<?xml version="1.0" encoding="UTF-8"?>
<testng-results skipped="0" failed="0" ignored="0" total="1" passed="1">
  <reporter-output>
    <line>
      <![CDATA[<div "result">I logged into AbanteCart Website (PASSED : 5s)</div>]]>
    </line>
    <line>
      <![CDATA[<div "result">I hover over Account and click on Login (PASSED : 2s)</div>]]>
    </line>
    <line>
      <![CDATA[<div "result">I Enter Login name &quot;vasif123&quot; and password &quot;vasif123&quot; and verify main text equals &quot;MY ACCOUNT&quot; (PASSED : 1s)</div>]]>
    </line>
    <line>
      <![CDATA[<div "result">I HoverOver Apparel &amp; accessories and click T-shirts and verify main text equals  &quot;T-SHIRTS&quot; (PASSED : 1s)</div>]]>
    </line>
    <line>
      <![CDATA[<div "result">I click on  Fruit of the Loom T-Shirts 5 Pack - Super Premium and add to card (PASSED : 3s)</div>]]>
    </line>
    <line>
      <![CDATA[<div "result">Verify that displayed total price equals &quot;12.84&quot; (PASSED : 0s)</div>]]>
    </line>
    <line>
      <![CDATA[<div "result">Continue shopping (PASSED : 1s)</div>]]>
    </line>
    <line>
      <![CDATA[<div "result">I click on Mens Fine Cotton Giraffe Polo Shirts and add to card (PASSED : 3s)</div>]]>
    </line>
    <line>
      <![CDATA[<div "result">Verify that displayed total price equals &quot;35.62&quot; (PASSED : 0s)</div>]]>
    </line>
    <line>
      <![CDATA[<div "result">Click checkout and confirm order and verify main text equals &quot;YOUR ORDER HAS BEEN PROCESSED!&quot; (PASSED : 5s)</div>]]>
    </line>
  </reporter-output>
  <suite name="Default suite" duration-ms="28457" started-at="2018-04-01T07:04:44Z" finished-at="2018-04-01T07:05:12Z">
    <groups>
      <group name="cucumber">
        <method signature="AbstractTestNGCucumberTests.runScenario(cucumber.api.testng.PickleEventWrapper, cucumber.api.testng.CucumberFeatureWrapper)[pri:0, instance:com.app.runner.CukesRunner@49993335]" name="runScenario" class="cucumber.api.testng.AbstractTestNGCucumberTests"/>
      </group> <!-- cucumber -->
    </groups>
    <test name="Default test" duration-ms="28457" started-at="2018-04-01T07:04:44Z" finished-at="2018-04-01T07:05:12Z">
      <class name="com.app.runner.CukesRunner">
        <test-method status="PASS" signature="setUpClass()[pri:0, instance:com.app.runner.CukesRunner@49993335]" name="setUpClass" is-config="true" duration-ms="167" started-at="2018-04-01T07:04:44Z" finished-at="2018-04-01T07:04:44Z">
          <reporter-output>
          </reporter-output>
        </test-method> <!-- setUpClass -->
        <test-method status="PASS" signature="runScenario(cucumber.api.testng.PickleEventWrapper, cucumber.api.testng.CucumberFeatureWrapper)[pri:0, instance:com.app.runner.CukesRunner@49993335]" name="runScenario" duration-ms="28218" started-at="2018-04-01T07:04:44Z" description="Runs Cucumber Scenarios" data-provider="scenarios" finished-at="2018-04-01T07:05:12Z">
          <params>
            <param index="0">
              <value>
                <![CDATA[""]]>
              </value>
            </param>
            <param index="1">
              <value>
                <![CDATA[""]]>
              </value>
            </param>
          </params>
          <reporter-output>
            <line>
              <![CDATA[<div "result">I logged into AbanteCart Website (PASSED : 5s)</div>]]>
            </line>
            <line>
              <![CDATA[<div "result">I hover over Account and click on Login (PASSED : 2s)</div>]]>
            </line>
            <line>
              <![CDATA[<div "result">I Enter Login name &quot;vasif123&quot; and password &quot;vasif123&quot; and verify main text equals &quot;MY ACCOUNT&quot; (PASSED : 1s)</div>]]>
            </line>
            <line>
              <![CDATA[<div "result">I HoverOver Apparel &amp; accessories and click T-shirts and verify main text equals  &quot;T-SHIRTS&quot; (PASSED : 1s)</div>]]>
            </line>
            <line>
              <![CDATA[<div "result">I click on  Fruit of the Loom T-Shirts 5 Pack - Super Premium and add to card (PASSED : 3s)</div>]]>
            </line>
            <line>
              <![CDATA[<div "result">Verify that displayed total price equals &quot;12.84&quot; (PASSED : 0s)</div>]]>
            </line>
            <line>
              <![CDATA[<div "result">Continue shopping (PASSED : 1s)</div>]]>
            </line>
            <line>
              <![CDATA[<div "result">I click on Mens Fine Cotton Giraffe Polo Shirts and add to card (PASSED : 3s)</div>]]>
            </line>
            <line>
              <![CDATA[<div "result">Verify that displayed total price equals &quot;35.62&quot; (PASSED : 0s)</div>]]>
            </line>
            <line>
              <![CDATA[<div "result">Click checkout and confirm order and verify main text equals &quot;YOUR ORDER HAS BEEN PROCESSED!&quot; (PASSED : 5s)</div>]]>
            </line>
          </reporter-output>
        </test-method> <!-- runScenario -->
        <test-method status="PASS" signature="tearDownClass()[pri:0, instance:com.app.runner.CukesRunner@49993335]" name="tearDownClass" is-config="true" duration-ms="12" started-at="2018-04-01T07:05:12Z" finished-at="2018-04-01T07:05:12Z">
          <reporter-output>
          </reporter-output>
        </test-method> <!-- tearDownClass -->
      </class> <!-- com.app.runner.CukesRunner -->
    </test> <!-- Default test -->
  </suite> <!-- Default suite -->
</testng-results>
